<?xml version="1.0" encoding="UTF-8"?>
<!-- Generated by org.testng.reporters.JUnitXMLReporter -->
<testsuite ignored="2" hostname="MSI" failures="0" tests="2" name="Facebook Test" time="19.029" errors="0" timestamp="2023-08-24T16:37:10 IST">
  <testcase classname="Details.Email" name="nameTest" time="7.13"/>
  <testcase classname="Details.password" name="passwordTest" time="7.161"/>
  <testcase classname="facebook.Base" name="@BeforeTest setUp" time="0.0">
    <ignored/>
  </testcase> <!-- @BeforeTest setUp -->
  <testcase classname="facebook.Base" name="@AfterTest tearDown" time="0.0">
    <ignored/>
  </testcase> <!-- @AfterTest tearDown -->
</testsuite> <!-- Facebook Test -->
